2019-02-28 21:53:40,555 - BrowserEngine - INFO - You had select Chrome browser
2019-02-28 21:53:40,555 - BrowserEngine - INFO - The test sever url is:http://127.0.0.1/forum.php
2019-02-28 21:53:43,874 - BrowserEngine - INFO - Staring chrome browser.
2019-02-28 21:53:44,447 - BrowserEngine - INFO - Open url:http://127.0.0.1/forum.php
2019-02-28 21:53:45,621 - BrowserEngine - INFO - Maximize the current window.
2019-02-28 21:53:45,629 - BrowserEngine - INFO - Set implicity wait 10 seconds. 
2019-02-28 21:53:45,779 - BasePage - INFO - nyx被输入
2019-02-28 21:53:45,914 - BasePage - INFO - 123456被输入
2019-02-28 21:53:46,038 - BasePage - INFO - 登录 is be clicked
2019-02-28 21:53:46,921 - BasePage - ERROR - Failed to be clicked
2019-02-28 21:54:02,452 - BasePage - ERROR - Failed to be clicked
2019-02-28 21:54:03,181 - BasePage - ERROR - Failed to be clicked
2019-02-28 21:54:03,761 - BasePage - ERROR - Failed to be clicked
2019-02-28 21:54:03,858 - BasePage - INFO - 1被输入
2019-02-28 21:54:03,960 - BasePage - INFO - 12被输入
2019-02-28 21:54:04,112 - BasePage - INFO - 123被输入
2019-02-28 21:54:04,233 - BasePage - INFO - 1234被输入
2019-02-28 21:54:04,362 - BasePage - INFO - 发表投票被输入
2019-02-28 21:54:04,574 - BasePage - INFO - 发起投票 is be clicked
2019-02-28 21:54:09,816 - BasePage - INFO -  is be clicked
2019-02-28 21:54:09,930 - BasePage - INFO -  is be clicked
2019-02-28 21:54:10,060 - BasePage - INFO -  is be clicked
2019-02-28 21:54:10,920 - BasePage - ERROR - Failed to be clicked
