2019-03-03 10:36:22,466 - BrowserEngine - INFO - You had select Chrome browser
2019-03-03 10:36:22,467 - BrowserEngine - INFO - The test sever url is:http://127.0.0.1/forum.php
2019-03-03 10:36:26,528 - BrowserEngine - INFO - Staring chrome browser.
2019-03-03 10:36:27,534 - BrowserEngine - INFO - Open url:http://127.0.0.1/forum.php
2019-03-03 10:36:28,705 - BrowserEngine - INFO - Maximize the current window.
2019-03-03 10:36:28,725 - BrowserEngine - INFO - Set implicity wait 10 seconds. 
2019-03-03 10:36:28,922 - BasePage - INFO - nyx被输入
2019-03-03 10:36:29,069 - BasePage - INFO - 123456被输入
2019-03-03 10:36:29,177 - BasePage - INFO - 登录 is be clicked
2019-03-03 10:36:30,105 - BasePage - ERROR - Failed to be clicked
2019-03-03 10:36:45,652 - BasePage - ERROR - Failed to be clicked
2019-03-03 10:36:46,406 - BasePage - ERROR - Failed to be clicked
2019-03-03 10:36:46,971 - BasePage - ERROR - Failed to be clicked
2019-03-03 10:36:47,095 - BasePage - INFO - 1被输入
2019-03-03 10:36:47,208 - BasePage - INFO - 12被输入
2019-03-03 10:36:47,373 - BasePage - INFO - 123被输入
2019-03-03 10:36:47,499 - BasePage - INFO - 1234被输入
2019-03-03 10:36:47,683 - BasePage - INFO - 发表投票被输入
2019-03-03 10:36:47,858 - BasePage - INFO - 发起投票 is be clicked
2019-03-03 10:36:53,164 - BasePage - INFO -  is be clicked
2019-03-03 10:36:53,436 - BasePage - INFO -  is be clicked
2019-03-03 10:36:53,557 - BasePage - INFO -  is be clicked
2019-03-03 10:36:54,362 - BasePage - ERROR - Failed to be clicked
