2019-02-28 17:17:11,436 - BrowserEngine - INFO - You had select Chrome browser
2019-02-28 17:17:11,436 - BrowserEngine - INFO - The test sever url is:http://127.0.0.1/forum.php
2019-02-28 17:17:14,489 - BrowserEngine - INFO - Staring chrome browser.
2019-02-28 17:17:15,094 - BrowserEngine - INFO - Open url:http://127.0.0.1/forum.php
2019-02-28 17:17:16,273 - BrowserEngine - INFO - Maximize the current window.
2019-02-28 17:17:16,275 - BrowserEngine - INFO - Set implicity wait 10 seconds. 
2019-02-28 17:17:16,429 - BasePage - INFO - nyx被输入
2019-02-28 17:17:16,528 - BasePage - INFO - 123456被输入
2019-02-28 17:17:16,617 - BasePage - INFO - 登录 is be clicked
2019-02-28 17:17:17,005 - BasePage - ERROR - Failed to be clicked
2019-02-28 17:17:19,154 - BasePage - INFO - haotest被输入
2019-02-28 17:17:41,571 - BrowserEngine - INFO - You had select Chrome browser
2019-02-28 17:17:41,571 - BrowserEngine - INFO - The test sever url is:http://127.0.0.1/forum.php
2019-02-28 17:17:44,731 - BrowserEngine - INFO - Staring chrome browser.
2019-02-28 17:17:45,362 - BrowserEngine - INFO - Open url:http://127.0.0.1/forum.php
2019-02-28 17:17:46,511 - BrowserEngine - INFO - Maximize the current window.
2019-02-28 17:17:46,513 - BrowserEngine - INFO - Set implicity wait 10 seconds. 
2019-02-28 17:17:46,662 - BasePage - INFO - nyx被输入
2019-02-28 17:17:46,783 - BasePage - INFO - 123456被输入
2019-02-28 17:17:46,888 - BasePage - INFO - 登录 is be clicked
2019-02-28 17:17:47,330 - BasePage - ERROR - Failed to be clicked
2019-02-28 17:17:49,538 - BasePage - INFO - haotest被输入
