2019-03-01 19:34:29,954 - BrowserEngine - INFO - You had select Chrome browser
2019-03-01 19:34:29,954 - BrowserEngine - INFO - The test sever url is:http://127.0.0.1/forum.php
2019-03-01 19:34:33,043 - BrowserEngine - INFO - Staring chrome browser.
2019-03-01 19:34:33,590 - BrowserEngine - INFO - Open url:http://127.0.0.1/forum.php
2019-03-01 19:34:34,731 - BrowserEngine - INFO - Maximize the current window.
2019-03-01 19:34:34,737 - BrowserEngine - INFO - Set implicity wait 10 seconds. 
2019-03-01 19:34:34,886 - BasePage - INFO - nyx被输入
2019-03-01 19:34:35,002 - BasePage - INFO - 123456被输入
2019-03-01 19:34:35,143 - BasePage - INFO - 登录 is be clicked
2019-03-01 19:34:36,576 - BasePage - ERROR - Failed to be clicked
2019-03-01 19:34:52,092 - BasePage - ERROR - Failed to be clicked
2019-03-01 19:34:52,636 - BasePage - ERROR - Failed to be clicked
2019-03-01 19:34:53,154 - BasePage - ERROR - Failed to be clicked
2019-03-01 19:34:53,251 - BasePage - INFO - 1被输入
2019-03-01 19:34:53,342 - BasePage - INFO - 12被输入
2019-03-01 19:34:53,454 - BasePage - INFO - 123被输入
2019-03-01 19:34:53,574 - BasePage - INFO - 1234被输入
2019-03-01 19:34:53,698 - BasePage - INFO - 发表投票被输入
2019-03-01 19:34:53,889 - BasePage - INFO - 发起投票 is be clicked
2019-03-01 19:34:59,020 - BasePage - INFO -  is be clicked
2019-03-01 19:34:59,122 - BasePage - INFO -  is be clicked
2019-03-01 19:34:59,212 - BasePage - INFO -  is be clicked
2019-03-01 19:35:00,123 - BasePage - ERROR - Failed to be clicked
