2019-03-03 11:15:06,338 - BrowserEngine - INFO - You had select Chrome browser
2019-03-03 11:15:06,338 - BrowserEngine - INFO - The test sever url is:http://127.0.0.1/forum.php
2019-03-03 11:15:09,484 - BrowserEngine - INFO - Staring chrome browser.
2019-03-03 11:15:10,054 - BrowserEngine - INFO - Open url:http://127.0.0.1/forum.php
2019-03-03 11:15:11,194 - BrowserEngine - INFO - Maximize the current window.
2019-03-03 11:15:11,197 - BrowserEngine - INFO - Set implicity wait 10 seconds. 
2019-03-03 11:15:11,378 - BasePage - INFO - nyx被输入
2019-03-03 11:15:11,491 - BasePage - INFO - 123456被输入
2019-03-03 11:15:11,584 - BasePage - INFO - 登录 is be clicked
2019-03-03 11:15:12,026 - BasePage - ERROR - Failed to be clicked
2019-03-03 11:15:17,450 - BasePage - ERROR - Failed to be clicked
2019-03-03 11:15:18,124 - BasePage - ERROR - Failed to be clicked
2019-03-03 11:15:18,743 - BasePage - ERROR - Failed to be clicked
2019-03-03 11:15:18,880 - BasePage - INFO - 投票名被输入
2019-03-03 11:15:19,001 - BasePage - INFO - 第一个被输入
2019-03-03 11:15:19,146 - BasePage - INFO - 第二个被输入
2019-03-03 11:15:19,267 - BasePage - INFO - 1234被输入
2019-03-03 11:15:19,393 - BasePage - INFO - 发表投票被输入
2019-03-03 11:15:19,618 - BasePage - INFO - 发起投票 is be clicked
2019-03-03 11:15:24,712 - BasePage - INFO -  is be clicked
2019-03-03 11:15:24,805 - BasePage - INFO -  is be clicked
2019-03-03 11:15:24,901 - BasePage - INFO -  is be clicked
2019-03-03 11:15:25,744 - BasePage - ERROR - Failed to be clicked
