2019-03-03 11:16:09,244 - BrowserEngine - INFO - You had select Chrome browser
2019-03-03 11:16:09,245 - BrowserEngine - INFO - The test sever url is:http://127.0.0.1/forum.php
2019-03-03 11:16:12,383 - BrowserEngine - INFO - Staring chrome browser.
2019-03-03 11:16:12,925 - BrowserEngine - INFO - Open url:http://127.0.0.1/forum.php
2019-03-03 11:16:14,056 - BrowserEngine - INFO - Maximize the current window.
2019-03-03 11:16:14,066 - BrowserEngine - INFO - Set implicity wait 10 seconds. 
2019-03-03 11:16:14,250 - BasePage - INFO - nyx被输入
2019-03-03 11:16:14,379 - BasePage - INFO - 123456被输入
2019-03-03 11:16:14,494 - BasePage - INFO - 登录 is be clicked
2019-03-03 11:16:15,291 - BasePage - ERROR - Failed to be clicked
2019-03-03 11:16:30,803 - BasePage - ERROR - Failed to be clicked
2019-03-03 11:16:31,481 - BasePage - ERROR - Failed to be clicked
2019-03-03 11:16:32,012 - BasePage - ERROR - Failed to be clicked
2019-03-03 11:16:32,123 - BasePage - INFO - 投票名被输入
2019-03-03 11:16:32,229 - BasePage - INFO - 第一个被输入
2019-03-03 11:16:32,366 - BasePage - INFO - 第二个被输入
2019-03-03 11:16:32,476 - BasePage - INFO - 1234被输入
2019-03-03 11:16:32,579 - BasePage - INFO - 发表投票被输入
2019-03-03 11:16:32,781 - BasePage - INFO - 发起投票 is be clicked
2019-03-03 11:16:37,989 - BasePage - INFO -  is be clicked
2019-03-03 11:16:38,087 - BasePage - INFO -  is be clicked
2019-03-03 11:16:38,189 - BasePage - INFO -  is be clicked
2019-03-03 11:16:38,978 - BasePage - ERROR - Failed to be clicked
