2019-02-28 21:40:08,393 - BrowserEngine - INFO - You had select Chrome browser
2019-02-28 21:40:08,394 - BrowserEngine - INFO - The test sever url is:http://127.0.0.1/forum.php
2019-02-28 21:40:12,236 - BrowserEngine - INFO - Staring chrome browser.
2019-02-28 21:40:24,486 - BrowserEngine - INFO - Open url:http://127.0.0.1/forum.php
2019-02-28 21:40:25,630 - BrowserEngine - INFO - Maximize the current window.
2019-02-28 21:40:25,632 - BrowserEngine - INFO - Set implicity wait 10 seconds. 
2019-02-28 21:40:25,828 - BasePage - INFO - nyx被输入
2019-02-28 21:40:25,938 - BasePage - INFO - 123456被输入
2019-02-28 21:40:26,094 - BasePage - INFO - 登录 is be clicked
2019-02-28 21:40:49,072 - BasePage - ERROR - Failed to be clicked
2019-02-28 21:41:04,626 - BasePage - ERROR - Failed to be clicked
2019-02-28 21:41:16,972 - BasePage - ERROR - Failed to be clicked
2019-02-28 21:41:23,551 - BasePage - ERROR - Failed to be clicked
2019-02-28 21:41:23,721 - BasePage - INFO - 1被输入
2019-02-28 21:41:23,841 - BasePage - INFO - 12被输入
2019-02-28 21:41:23,974 - BasePage - INFO - 123被输入
2019-02-28 21:41:24,152 - BasePage - INFO - 1234被输入
2019-02-28 21:41:24,324 - BasePage - INFO - 发表投票被输入
2019-02-28 21:41:24,604 - BasePage - INFO - 发起投票 is be clicked
2019-02-28 21:41:29,870 - BasePage - INFO -  is be clicked
2019-02-28 21:41:30,063 - BasePage - INFO -  is be clicked
2019-02-28 21:41:30,267 - BasePage - INFO -  is be clicked
2019-02-28 21:41:31,077 - BasePage - ERROR - Failed to be clicked
