2019-02-28 21:45:58,213 - BrowserEngine - INFO - You had select Chrome browser
2019-02-28 21:45:58,214 - BrowserEngine - INFO - The test sever url is:http://127.0.0.1/forum.php
2019-02-28 21:46:01,508 - BrowserEngine - INFO - Staring chrome browser.
2019-02-28 21:46:02,506 - BrowserEngine - INFO - Open url:http://127.0.0.1/forum.php
2019-02-28 21:46:03,690 - BrowserEngine - INFO - Maximize the current window.
2019-02-28 21:46:03,695 - BrowserEngine - INFO - Set implicity wait 10 seconds. 
2019-02-28 21:46:03,880 - BasePage - INFO - nyx被输入
2019-02-28 21:46:04,043 - BasePage - INFO - 123456被输入
2019-02-28 21:46:04,177 - BasePage - INFO - 登录 is be clicked
2019-02-28 21:46:08,236 - BasePage - ERROR - Failed to be clicked
2019-02-28 21:46:23,748 - BasePage - ERROR - Failed to be clicked
2019-02-28 21:46:24,474 - BasePage - ERROR - Failed to be clicked
2019-02-28 21:46:25,052 - BasePage - ERROR - Failed to be clicked
2019-02-28 21:46:25,159 - BasePage - INFO - 1被输入
2019-02-28 21:46:25,270 - BasePage - INFO - 12被输入
2019-02-28 21:46:25,392 - BasePage - INFO - 123被输入
2019-02-28 21:46:25,508 - BasePage - INFO - 1234被输入
2019-02-28 21:46:25,630 - BasePage - INFO - 发表投票被输入
2019-02-28 21:46:25,856 - BasePage - INFO - 发起投票 is be clicked
2019-02-28 21:46:31,095 - BasePage - ERROR - Failed to be clicked
2019-02-28 21:46:31,336 - BasePage - INFO -  is be clicked
2019-02-28 21:46:31,546 - BasePage - INFO -  is be clicked
2019-02-28 21:46:32,464 - BasePage - ERROR - Failed to be clicked
