2019-02-28 17:41:10,898 - BrowserEngine - INFO - You had select Chrome browser
2019-02-28 17:41:10,898 - BrowserEngine - INFO - The test sever url is:http://127.0.0.1/forum.php
2019-02-28 17:41:14,288 - BrowserEngine - INFO - Staring chrome browser.
2019-02-28 17:41:14,877 - BrowserEngine - INFO - Open url:http://127.0.0.1/forum.php
2019-02-28 17:41:16,041 - BrowserEngine - INFO - Maximize the current window.
2019-02-28 17:41:16,043 - BrowserEngine - INFO - Set implicity wait 10 seconds. 
2019-02-28 17:41:16,196 - BasePage - INFO - nyx被输入
2019-02-28 17:41:16,302 - BasePage - INFO - 123456被输入
2019-02-28 17:41:16,393 - BasePage - INFO - 登录 is be clicked
2019-02-28 17:41:16,821 - BasePage - ERROR - Failed to be clicked
2019-02-28 17:41:22,312 - BasePage - ERROR - Failed to be clicked
2019-02-28 17:41:22,995 - BasePage - ERROR - Failed to be clicked
2019-02-28 17:41:23,723 - BasePage - ERROR - Failed to be clicked
2019-02-28 17:41:23,819 - BasePage - INFO - 1被输入
2019-02-28 17:41:23,931 - BasePage - INFO - 12被输入
2019-02-28 17:41:24,082 - BasePage - INFO - 123被输入
2019-02-28 17:41:24,198 - BasePage - INFO - 1234被输入
2019-02-28 17:41:24,364 - BasePage - INFO - 发表投票被输入
2019-02-28 17:41:24,624 - BasePage - INFO - 发起投票 is be clicked
2019-02-28 17:41:29,774 - BasePage - INFO -  is be clicked
2019-02-28 17:41:29,859 - BasePage - INFO -  is be clicked
2019-02-28 17:41:29,965 - BasePage - INFO -  is be clicked
2019-02-28 17:41:30,842 - BasePage - ERROR - Failed to be clicked
