2019-03-03 10:48:33,664 - BrowserEngine - INFO - You had select Chrome browser
2019-03-03 10:48:33,664 - BrowserEngine - INFO - The test sever url is:http://127.0.0.1/forum.php
2019-03-03 10:48:36,815 - BrowserEngine - INFO - Staring chrome browser.
2019-03-03 10:48:37,452 - BrowserEngine - INFO - Open url:http://127.0.0.1/forum.php
2019-03-03 10:48:38,639 - BrowserEngine - INFO - Maximize the current window.
2019-03-03 10:48:38,640 - BrowserEngine - INFO - Set implicity wait 10 seconds. 
2019-03-03 10:48:38,827 - BasePage - INFO - nyx被输入
2019-03-03 10:48:38,952 - BasePage - INFO - 123456被输入
2019-03-03 10:48:39,054 - BasePage - INFO - 登录 is be clicked
2019-03-03 10:48:39,820 - BasePage - ERROR - Failed to be clicked
2019-03-03 10:48:55,428 - BasePage - ERROR - Failed to be clicked
2019-03-03 10:48:56,122 - BasePage - ERROR - Failed to be clicked
2019-03-03 10:48:56,752 - BasePage - ERROR - Failed to be clicked
2019-03-03 10:48:56,888 - BasePage - INFO - 投票名被输入
2019-03-03 10:48:57,011 - BasePage - INFO - 第一个被输入
2019-03-03 10:48:57,148 - BasePage - INFO - 第二个被输入
2019-03-03 10:48:57,302 - BasePage - INFO - 1234被输入
2019-03-03 10:48:57,447 - BasePage - INFO - 发表投票被输入
2019-03-03 10:48:57,656 - BasePage - INFO - 发起投票 is be clicked
2019-03-03 10:49:02,898 - BasePage - INFO -  is be clicked
2019-03-03 10:49:03,055 - BasePage - INFO -  is be clicked
2019-03-03 10:49:03,215 - BasePage - INFO -  is be clicked
2019-03-03 10:49:04,124 - BasePage - ERROR - Failed to be clicked
