2019-02-28 17:18:12,327 - BrowserEngine - INFO - You had select Chrome browser
2019-02-28 17:18:12,327 - BrowserEngine - INFO - The test sever url is:http://127.0.0.1/forum.php
2019-02-28 17:18:15,698 - BrowserEngine - INFO - Staring chrome browser.
2019-02-28 17:18:16,288 - BrowserEngine - INFO - Open url:http://127.0.0.1/forum.php
2019-02-28 17:18:17,468 - BrowserEngine - INFO - Maximize the current window.
2019-02-28 17:18:17,470 - BrowserEngine - INFO - Set implicity wait 10 seconds. 
2019-02-28 17:18:17,632 - BasePage - INFO - nyx被输入
2019-02-28 17:18:17,747 - BasePage - INFO - 123456被输入
2019-02-28 17:18:17,851 - BasePage - INFO - 登录 is be clicked
2019-02-28 17:18:18,782 - BasePage - ERROR - Failed to be clicked
2019-02-28 17:18:34,536 - BrowserEngine - INFO - You had select Chrome browser
2019-02-28 17:18:34,536 - BrowserEngine - INFO - The test sever url is:http://127.0.0.1/forum.php
2019-02-28 17:18:37,772 - BrowserEngine - INFO - Staring chrome browser.
2019-02-28 17:18:38,455 - BrowserEngine - INFO - Open url:http://127.0.0.1/forum.php
2019-02-28 17:18:39,637 - BrowserEngine - INFO - Maximize the current window.
2019-02-28 17:18:39,644 - BrowserEngine - INFO - Set implicity wait 10 seconds. 
2019-02-28 17:18:39,834 - BasePage - INFO - nyx被输入
2019-02-28 17:18:39,947 - BasePage - INFO - 123456被输入
2019-02-28 17:18:40,072 - BasePage - INFO - 登录 is be clicked
2019-02-28 17:18:40,945 - BasePage - ERROR - Failed to be clicked
2019-02-28 17:18:53,512 - BasePage - ERROR - Failed to be clicked
