2019-02-28 21:51:35,283 - BrowserEngine - INFO - You had select Chrome browser
2019-02-28 21:51:35,284 - BrowserEngine - INFO - The test sever url is:http://127.0.0.1/forum.php
2019-02-28 21:51:38,515 - BrowserEngine - INFO - Staring chrome browser.
2019-02-28 21:51:39,111 - BrowserEngine - INFO - Open url:http://127.0.0.1/forum.php
2019-02-28 21:51:40,281 - BrowserEngine - INFO - Maximize the current window.
2019-02-28 21:51:40,283 - BrowserEngine - INFO - Set implicity wait 10 seconds. 
2019-02-28 21:51:40,474 - BasePage - INFO - nyx被输入
2019-02-28 21:51:40,588 - BasePage - INFO - 123456被输入
2019-02-28 21:51:40,692 - BasePage - INFO - 登录 is be clicked
2019-02-28 21:51:41,577 - BasePage - ERROR - Failed to be clicked
2019-02-28 21:51:57,123 - BasePage - ERROR - Failed to be clicked
2019-02-28 21:51:57,744 - BasePage - ERROR - Failed to be clicked
2019-02-28 21:51:58,360 - BasePage - ERROR - Failed to be clicked
2019-02-28 21:51:58,476 - BasePage - INFO - 1被输入
2019-02-28 21:51:58,589 - BasePage - INFO - 12被输入
2019-02-28 21:51:58,731 - BasePage - INFO - 123被输入
2019-02-28 21:51:58,852 - BasePage - INFO - 1234被输入
2019-02-28 21:51:58,988 - BasePage - INFO - 发表投票被输入
2019-02-28 21:51:59,188 - BasePage - INFO - 发起投票 is be clicked
2019-02-28 21:52:04,540 - BasePage - INFO -  is be clicked
2019-02-28 21:52:04,713 - BasePage - ERROR - Failed to be clicked
2019-02-28 21:52:04,716 - BasePage - ERROR - Failed to be clicked
2019-02-28 21:52:04,718 - BasePage - ERROR - Failed to be clicked
