2019-02-28 17:45:34,835 - BrowserEngine - INFO - You had select Chrome browser
2019-02-28 17:45:34,835 - BrowserEngine - INFO - The test sever url is:http://127.0.0.1/forum.php
2019-02-28 17:45:38,113 - BrowserEngine - INFO - Staring chrome browser.
2019-02-28 17:45:38,729 - BrowserEngine - INFO - Open url:http://127.0.0.1/forum.php
2019-02-28 17:45:39,917 - BrowserEngine - INFO - Maximize the current window.
2019-02-28 17:45:39,924 - BrowserEngine - INFO - Set implicity wait 10 seconds. 
2019-02-28 17:45:40,109 - BasePage - INFO - nyx被输入
2019-02-28 17:45:40,225 - BasePage - INFO - 123456被输入
2019-02-28 17:45:40,319 - BasePage - INFO - 登录 is be clicked
2019-02-28 17:45:40,799 - BasePage - ERROR - Failed to be clicked
2019-02-28 17:45:41,222 - BasePage - ERROR - Failed to be clicked
2019-02-28 17:45:41,445 - BasePage - INFO - 我的第一个测试被输入
2019-02-28 17:45:41,836 - BasePage - INFO - 这是论坛的第一个测试用户登录默认板块发帖默认板块回帖用户退出被输入
2019-02-28 17:45:42,595 - BasePage - ERROR - Failed to be clicked
2019-02-28 17:45:53,098 - BasePage - ERROR - Failed to be clicked
2019-02-28 17:46:03,606 - BasePage - ERROR - Failed to be clicked
2019-02-28 17:46:03,806 - BasePage - INFO - huitie123456789被输入
2019-02-28 17:46:05,308 - BasePage - INFO - 发表回复 is be clicked
2019-02-28 17:46:05,700 - BasePage - ERROR - Failed to be clicked
2019-02-28 17:46:15,700 - BrowserEngine - INFO - You had select Chrome browser
2019-02-28 17:46:15,700 - BrowserEngine - INFO - The test sever url is:http://127.0.0.1/forum.php
2019-02-28 17:46:19,388 - BrowserEngine - INFO - Staring chrome browser.
2019-02-28 17:46:19,989 - BrowserEngine - INFO - Open url:http://127.0.0.1/forum.php
2019-02-28 17:46:21,170 - BrowserEngine - INFO - Maximize the current window.
2019-02-28 17:46:21,171 - BrowserEngine - INFO - Set implicity wait 10 seconds. 
2019-02-28 17:46:21,336 - BasePage - INFO - admin被输入
2019-02-28 17:46:21,468 - BasePage - INFO - admin被输入
2019-02-28 17:46:21,576 - BasePage - INFO - 登录 is be clicked
2019-02-28 17:46:23,074 - BasePage - ERROR - Failed to be clicked
2019-02-28 17:46:36,627 - BasePage - ERROR - Failed to be clicked
2019-02-28 17:46:36,780 - BasePage - INFO -  is be clicked
2019-02-28 17:46:37,070 - BasePage - INFO - 删除 is be clicked
2019-02-28 17:46:37,701 - BasePage - ERROR - Failed to be clicked
2019-02-28 17:46:40,901 - BasePage - INFO - 管理中心 is be clicked
2019-02-28 17:47:10,446 - BasePage - INFO - 论坛 is be clicked
2019-02-28 17:47:10,619 - BasePage - INFO - 添加新版块 is be clicked
2019-02-28 17:47:20,812 - BasePage - INFO - haotest被输入
2019-02-28 17:47:31,140 - BasePage - ERROR - Failed to be clicked
2019-02-28 17:47:56,682 - BasePage - ERROR - Failed to be clicked
2019-02-28 17:48:00,081 - BasePage - ERROR - Failed to be clicked
2019-02-28 17:48:02,427 - BasePage - INFO - nyx被输入
2019-02-28 17:48:02,526 - BasePage - INFO - 123456被输入
2019-02-28 17:48:02,613 - BasePage - INFO - 登录 is be clicked
2019-02-28 17:48:13,130 - BasePage - ERROR - Failed to be clicked
2019-02-28 17:48:23,693 - BasePage - ERROR - Failed to be clicked
2019-02-28 17:48:23,883 - BasePage - INFO - haotest被输入
2019-02-28 17:48:24,091 - BasePage - INFO - xinbanmokuaihaotestceshi被输入
2019-02-28 17:48:25,493 - BasePage - ERROR - Failed to be clicked
2019-02-28 17:48:36,023 - BasePage - ERROR - Failed to be clicked
2019-02-28 17:48:46,530 - BasePage - ERROR - Failed to be clicked
2019-02-28 17:48:46,751 - BasePage - INFO - sfhoieatuiisnvjzv被输入
2019-02-28 17:48:47,086 - BasePage - INFO - 发表回复 is be clicked
2019-02-28 17:48:47,402 - BasePage - ERROR - Failed to be clicked
2019-02-28 17:48:52,417 - BrowserEngine - INFO - You had select Chrome browser
2019-02-28 17:48:52,417 - BrowserEngine - INFO - The test sever url is:http://127.0.0.1/forum.php
2019-02-28 17:48:55,713 - BrowserEngine - INFO - Staring chrome browser.
2019-02-28 17:48:56,337 - BrowserEngine - INFO - Open url:http://127.0.0.1/forum.php
2019-02-28 17:48:57,526 - BrowserEngine - INFO - Maximize the current window.
2019-02-28 17:48:57,529 - BrowserEngine - INFO - Set implicity wait 10 seconds. 
2019-02-28 17:48:57,695 - BasePage - INFO - nyx被输入
2019-02-28 17:48:57,808 - BasePage - INFO - 123456被输入
2019-02-28 17:48:57,918 - BasePage - INFO - 登录 is be clicked
2019-02-28 17:48:58,990 - BasePage - ERROR - Failed to be clicked
2019-02-28 17:49:11,512 - BasePage - ERROR - Failed to be clicked
2019-02-28 17:49:21,524 - BrowserEngine - INFO - You had select Chrome browser
2019-02-28 17:49:21,524 - BrowserEngine - INFO - The test sever url is:http://127.0.0.1/forum.php
2019-02-28 17:49:24,844 - BrowserEngine - INFO - Staring chrome browser.
2019-02-28 17:49:25,818 - BrowserEngine - INFO - Open url:http://127.0.0.1/forum.php
2019-02-28 17:49:26,948 - BrowserEngine - INFO - Maximize the current window.
2019-02-28 17:49:26,949 - BrowserEngine - INFO - Set implicity wait 10 seconds. 
2019-02-28 17:49:27,129 - BasePage - INFO - nyx被输入
2019-02-28 17:49:27,279 - BasePage - INFO - 123456被输入
2019-02-28 17:49:27,394 - BasePage - INFO - 登录 is be clicked
2019-02-28 17:49:28,459 - BasePage - ERROR - Failed to be clicked
2019-02-28 17:49:44,063 - BasePage - ERROR - Failed to be clicked
2019-02-28 17:49:44,663 - BasePage - ERROR - Failed to be clicked
2019-02-28 17:49:45,205 - BasePage - ERROR - Failed to be clicked
2019-02-28 17:49:45,294 - BasePage - INFO - 1被输入
2019-02-28 17:49:45,390 - BasePage - INFO - 12被输入
2019-02-28 17:49:45,541 - BasePage - INFO - 123被输入
2019-02-28 17:49:45,673 - BasePage - INFO - 1234被输入
2019-02-28 17:49:45,841 - BasePage - INFO - 发表投票被输入
2019-02-28 17:49:46,094 - BasePage - INFO - 发起投票 is be clicked
2019-02-28 17:49:51,269 - BasePage - INFO -  is be clicked
2019-02-28 17:49:51,359 - BasePage - INFO -  is be clicked
2019-02-28 17:49:51,459 - BasePage - INFO -  is be clicked
2019-02-28 17:49:52,257 - BasePage - ERROR - Failed to be clicked
