2019-02-28 17:39:20,676 - BrowserEngine - INFO - You had select Chrome browser
2019-02-28 17:39:20,676 - BrowserEngine - INFO - The test sever url is:http://127.0.0.1/forum.php
2019-02-28 17:39:23,996 - BrowserEngine - INFO - Staring chrome browser.
2019-02-28 17:39:24,762 - BrowserEngine - INFO - Open url:http://127.0.0.1/forum.php
2019-02-28 17:39:25,957 - BrowserEngine - INFO - Maximize the current window.
2019-02-28 17:39:25,962 - BrowserEngine - INFO - Set implicity wait 10 seconds. 
2019-02-28 17:39:26,155 - BasePage - INFO - nyx被输入
2019-02-28 17:39:26,290 - BasePage - INFO - 123456被输入
2019-02-28 17:39:26,426 - BasePage - INFO - 登录 is be clicked
2019-02-28 17:39:27,329 - BasePage - ERROR - Failed to be clicked
2019-02-28 17:39:42,868 - BasePage - ERROR - Failed to be clicked
2019-02-28 17:39:43,416 - BasePage - ERROR - Failed to be clicked
2019-02-28 17:39:43,973 - BasePage - ERROR - Failed to be clicked
2019-02-28 17:39:44,060 - BasePage - INFO - 1被输入
2019-02-28 17:39:44,158 - BasePage - INFO - 12被输入
2019-02-28 17:39:44,304 - BasePage - INFO - 123被输入
2019-02-28 17:39:44,418 - BasePage - INFO - 1234被输入
2019-02-28 17:39:44,543 - BasePage - INFO - 发表投票被输入
2019-02-28 17:39:44,737 - BasePage - INFO - 发起投票 is be clicked
2019-02-28 17:39:49,908 - BasePage - INFO -  is be clicked
2019-02-28 17:39:50,036 - BasePage - INFO -  is be clicked
2019-02-28 17:39:50,216 - BasePage - INFO -  is be clicked
2019-02-28 17:39:51,136 - BasePage - ERROR - Failed to be clicked
